2026-04-28 10:08:24,190 INFO {
    "batch_size": 64,
    "block_size": 51,
    "clip_dim": 512,
    "code_dim": 512,
    "dataname": "t2m",
    "decay_option": "all",
    "depth": 3,
    "dilation_growth_rate": 3,
    "down_t": 2,
    "drop_out_rate": 0.1,
    "embed_dim_gpt": 1024,
    "eval_iter": 10000,
    "eval_split": "train",
    "exp_name": "TRAIN_ALL_GEN",
    "ff_rate": 4,
    "fps": [
        20
    ],
    "gamma": 0.05,
    "if_maxtest": false,
    "lr": 0.0001,
    "lr_scheduler": [
        150000
    ],
    "mu": 0.99,
    "multimodal_repeat_time": 1,
    "n_head_gpt": 16,
    "nb_code": 512,
    "num_layers": 9,
    "optimizer": "adamw",
    "out_dir": "output\\TRAIN_ALL_GEN",
    "output_emb_width": 512,
    "pkeep": 0.5,
    "print_iter": 200,
    "quantbeta": 1.0,
    "quantizer": "ema_reset",
    "repeat_time": 1,
    "resume_pth": "pretrained/VQVAE/net_last.pth",
    "resume_trans": "pretrained/VQTransformer_corruption05/net_best_fid.pth",
    "seed": 123,
    "seq_len": 64,
    "stride_t": 2,
    "total_iter": 300000,
    "vq_act": "relu",
    "vq_name": "VQVAE",
    "warm_up_iter": 1000,
    "weight_decay": 1e-06,
    "width": 512
}
